C51 COMPILER V9.60.7.0   MAIN                                                              08/11/2025 15:09:21 PAGE 1   


C51 COMPILER V9.60.7.0, COMPILATION OF MODULE MAIN
OBJECT MODULE PLACED IN .\Objects\main.obj
COMPILER INVOKED BY: C:\Keil_v5\C51\BIN\C51.EXE main.c OPTIMIZE(8,SPEED) BROWSE DEBUG OBJECTEXTEND PRINT(.\Listings\main
                    -.lst) TABS(2) OBJECT(.\Objects\main.obj)

line level    source

   1          #include <reg51.h>
   2          #include "main.h"
   3          #include "timer.h"
   4          #include "lcd.h"
   5          
   6          void main(void)
   7          {
   8   1        lcd_init();
   9   1        
  10   1            delay_ms(1000);
  11   1            lcd_print_string("Hello world!");
  12   1        
  13   1        while(1)
  14   1        {
  15   2          // running;
  16   2            delay_ms(1000);
  17   2            scroll_string("This is a 16x2 LCD driver for AT89S52 controller",200);
  18   2            delay_ms(1000);
  19   2            lcd_print_string("Thank you!");
  20   2        }
  21   1      
  22   1      }


MODULE INFORMATION:   STATIC OVERLAYABLE
   CODE SIZE        =     57    ----
   CONSTANT SIZE    =     73    ----
   XDATA SIZE       =   ----    ----
   PDATA SIZE       =   ----    ----
   DATA SIZE        =   ----    ----
   IDATA SIZE       =   ----    ----
   BIT SIZE         =   ----    ----
END OF MODULE INFORMATION.


C51 COMPILATION COMPLETE.  0 WARNING(S),  0 ERROR(S)
