C51 COMPILER V9.60.7.0   LED                                                               08/11/2025 05:40:45 PAGE 1   


C51 COMPILER V9.60.7.0, COMPILATION OF MODULE LED
OBJECT MODULE PLACED IN .\Objects\led.obj
COMPILER INVOKED BY: C:\Keil_v5\C51\BIN\C51.EXE led.c OPTIMIZE(8,SPEED) BROWSE DEBUG OBJECTEXTEND PRINT(.\Listings\led.l
                    -st) TABS(2) OBJECT(.\Objects\led.obj)

line level    source

   1          #include <reg51.h>
   2          #include "timer.h"
   3          #include "led.h"
   4          
   5          
   6          // Port0 all LEDs check
   7          void blink_port0_leds(void)
   8          {
   9   1          LED0 = ON;
  10   1          delay_ms(1000);
  11   1          LED0 = OFF;
  12   1          delay_ms(1000);
  13   1      
  14   1          LED1 = ON;
  15   1          delay_ms(1000);
  16   1          LED1 = OFF;
  17   1          delay_ms(1000);
  18   1      
  19   1          LED2 = ON;
  20   1          delay_ms(1000);
  21   1          LED2 = OFF;
  22   1          delay_ms(1000);
  23   1      
  24   1          LED3 = ON;
  25   1          delay_ms(1000);
  26   1          LED3 = OFF;
  27   1          delay_ms(1000);
  28   1      
  29   1          LED4 = ON;
  30   1          delay_ms(1000);
  31   1          LED4 = OFF;
  32   1          delay_ms(1000);
  33   1      
  34   1          LED5 = ON;
  35   1          delay_ms(1000);
  36   1          LED5 = OFF;
  37   1          delay_ms(1000);
  38   1      
  39   1          LED6 = ON;
  40   1          delay_ms(1000);
  41   1          LED6 = OFF;
  42   1          delay_ms(1000);
  43   1      
  44   1          LED7 = ON;
  45   1          delay_ms(1000);
  46   1          LED7 = OFF;
  47   1          delay_ms(1000);
  48   1      }
  49          
  50          
  51          // Port1 all LEDs check
  52          void blink_port1_leds(void)
  53          {
  54   1          LED8 = ON;
C51 COMPILER V9.60.7.0   LED                                                               08/11/2025 05:40:45 PAGE 2   

  55   1          delay_ms(1000);
  56   1          LED8 = OFF;
  57   1          delay_ms(1000);
  58   1      
  59   1          LED9 = ON;
  60   1          delay_ms(1000);
  61   1          LED9 = OFF;
  62   1          delay_ms(1000);
  63   1      
  64   1          LED10 = ON;
  65   1          delay_ms(1000);
  66   1          LED10 = OFF;
  67   1          delay_ms(1000);
  68   1      
  69   1          LED11 = ON;
  70   1          delay_ms(1000);
  71   1          LED11 = OFF;
  72   1          delay_ms(1000);
  73   1      
  74   1          LED12 = ON;
  75   1          delay_ms(1000);
  76   1          LED12 = OFF;
  77   1          delay_ms(1000);
  78   1      
  79   1          LED13 = ON;
  80   1          delay_ms(1000);
  81   1          LED13 = OFF;
  82   1          delay_ms(1000);
  83   1      
  84   1          LED14 = ON;
  85   1          delay_ms(1000);
  86   1          LED14 = OFF;
  87   1          delay_ms(1000);
  88   1      
  89   1          LED15 = ON;
  90   1          delay_ms(1000);
  91   1          LED15 = OFF;
  92   1          delay_ms(1000);
  93   1      }
  94          
  95          
  96          // Port2 all LEDs check
  97          void blink_port2_leds(void)
  98          {
  99   1          LED16 = ON;
 100   1          delay_ms(1000);
 101   1          LED16 = OFF;
 102   1          delay_ms(1000);
 103   1      
 104   1          LED17 = ON;
 105   1          delay_ms(1000);
 106   1          LED17 = OFF;
 107   1          delay_ms(1000);
 108   1      
 109   1          LED18 = ON;
 110   1          delay_ms(1000);
 111   1          LED18 = OFF;
 112   1          delay_ms(1000);
 113   1      
 114   1          LED19 = ON;
 115   1          delay_ms(1000);
 116   1          LED19 = OFF;
C51 COMPILER V9.60.7.0   LED                                                               08/11/2025 05:40:45 PAGE 3   

 117   1          delay_ms(1000);
 118   1      
 119   1          LED20 = ON;
 120   1          delay_ms(1000);
 121   1          LED20 = OFF;
 122   1          delay_ms(1000);
 123   1      
 124   1          LED21 = ON;
 125   1          delay_ms(1000);
 126   1          LED21 = OFF;
 127   1          delay_ms(1000);
 128   1      
 129   1          LED22 = ON;
 130   1          delay_ms(1000);
 131   1          LED22 = OFF;
 132   1          delay_ms(1000);
 133   1      
 134   1          LED23 = ON;
 135   1          delay_ms(1000);
 136   1          LED23 = OFF;
 137   1          delay_ms(1000);
 138   1      }
 139          
 140          
 141          // Port3 all LEDs check
 142          void blink_port3_leds(void)
 143          {
 144   1          LED24 = ON;
 145   1          delay_ms(1000);
 146   1          LED24 = OFF;
 147   1          delay_ms(1000);
 148   1      
 149   1          LED25 = ON;
 150   1          delay_ms(1000);
 151   1          LED25 = OFF;
 152   1          delay_ms(1000);
 153   1      
 154   1          LED26 = ON;
 155   1          delay_ms(1000);
 156   1          LED26 = OFF;
 157   1          delay_ms(1000);
 158   1      
 159   1          LED27 = ON;
 160   1          delay_ms(1000);
 161   1          LED27 = OFF;
 162   1          delay_ms(1000);
 163   1      
 164   1          LED28 = ON;
 165   1          delay_ms(1000);
 166   1          LED28 = OFF;
 167   1          delay_ms(1000);
 168   1      
 169   1          LED29 = ON;
 170   1          delay_ms(1000);
 171   1          LED29 = OFF;
 172   1          delay_ms(1000);
 173   1      
 174   1          LED30 = ON;
 175   1          delay_ms(1000);
 176   1          LED30 = OFF;
 177   1          delay_ms(1000);
 178   1      
C51 COMPILER V9.60.7.0   LED                                                               08/11/2025 05:40:45 PAGE 4   

 179   1          LED31 = ON;
 180   1          delay_ms(1000);
 181   1          LED31 = OFF;
 182   1          delay_ms(1000);
 183   1      }


MODULE INFORMATION:   STATIC OVERLAYABLE
   CODE SIZE        =    576    ----
   CONSTANT SIZE    =   ----    ----
   XDATA SIZE       =   ----    ----
   PDATA SIZE       =   ----    ----
   DATA SIZE        =   ----    ----
   IDATA SIZE       =   ----    ----
   BIT SIZE         =   ----    ----
END OF MODULE INFORMATION.


C51 COMPILATION COMPLETE.  0 WARNING(S),  0 ERROR(S)
